22:37:31 **** Incremental Build of configuration Debug for project Project ****
make -j12 all 
arm-none-eabi-gcc -o "Project.elf" @"objects.list"   -mcpu=cortex-m4 -T"D:\NextyLab\Project\STM32F411RETX_FLASH.ld" --specs=nosys.specs -Wl,-Map="Project.map" -Wl,--gc-sections -static --specs=nano.specs -mfpu=fpv4-sp-d16 -mfloat-abi=hard -mthumb -Wl,--start-group -lc -lm -Wl,--end-group
C:/ST/STM32CubeIDE_1.15.1/STM32CubeIDE/plugins/com.st.stm32cube.ide.mcu.externaltools.gnu-tools-for-stm32.12.3.rel1.win32_1.0.100.202403111256/tools/bin/../lib/gcc/arm-none-eabi/12.3.1/../../../../arm-none-eabi/bin/ld.exe: ./Src/main.o: in function `init_systick':
D:/NextyLab/Project/Debug/../Src/main.c:200: undefined reference to `SystemCoreClock'
collect2.exe: error: ld returned 1 exit status
make: *** [makefile:63: Project.elf] Error 1
"make -j12 all" terminated with exit code 2. Build might be incomplete.

22:37:32 Build Failed. 2 errors, 0 warnings. (took 797ms)

